<?xml version="1.0" encoding="UTF-8"?>
<!-- Generated by org.testng.reporters.JUnitReportReporter -->
<testsuite hostname="DESKTOP-8L8L7VH" failures="0" tests="3" name="com.sgtestion.condition.PriorityConditionDemo" time="0.017" errors="0" timestamp="2022-11-09T15:54:12 IST" skipped="0">
  <testcase classname="com.sgtestion.condition.PriorityConditionDemo" name="createUser" time="0.009"/>
  <system-out/>
  <testcase classname="com.sgtestion.condition.PriorityConditionDemo" name="modifyUser" time="0.006"/>
  <system-out/>
  <testcase classname="com.sgtestion.condition.PriorityConditionDemo" name="deleteUser" time="0.002"/>
  <system-out/>
</testsuite> <!-- com.sgtestion.condition.PriorityConditionDemo -->
