<?xml version="1.0" encoding="UTF-8"?>
<!-- Generated by org.testng.reporters.JUnitReportReporter -->
<testsuite hostname="DESKTOP-8L8L7VH" failures="0" tests="3" name="com.sgtestion.condition.DependsOnMethodsCOndition" time="0.012" errors="0" timestamp="2022-11-09T15:59:11 IST" skipped="0">
  <testcase classname="com.sgtestion.condition.DependsOnMethodsCOndition" name="createUser" time="0.007"/>
  <system-out/>
  <testcase classname="com.sgtestion.condition.DependsOnMethodsCOndition" name="modifyUser" time="0.002"/>
  <system-out/>
  <testcase classname="com.sgtestion.condition.DependsOnMethodsCOndition" name="deleteUser" time="0.003"/>
  <system-out/>
</testsuite> <!-- com.sgtestion.condition.DependsOnMethodsCOndition -->
