<?xml version="1.0" encoding="UTF-8"?>
<!-- Generated by org.testng.reporters.JUnitReportReporter -->
<testsuite hostname="DESKTOP-8L8L7VH" failures="0" tests="2" name="com.sgtesting.hardassertion.AassertEqualsDemo" time="0.021" errors="0" timestamp="2022-11-09T15:23:20 IST" skipped="0">
  <testcase classname="com.sgtesting.hardassertion.AassertEqualsDemo" name="assertEqualsDemo" time="0.018"/>
  <system-out/>
  <testcase classname="com.sgtesting.hardassertion.AassertEqualsDemo" name="assertNotEqualsDemo" time="0.003"/>
  <system-out/>
</testsuite> <!-- com.sgtesting.hardassertion.AassertEqualsDemo -->
