<?xml version="1.0" encoding="UTF-8"?>
<!-- Generated by org.testng.reporters.JUnitReportReporter -->
<testsuite hostname="DESKTOP-8L8L7VH" failures="0" tests="3" name="com.sgtestion.condition.Users" time="0.017" errors="0" timestamp="2022-11-09T15:52:38 IST" skipped="1">
  <testcase classname="com.sgtestion.condition.Users" name="createUser" time="0.008"/>
  <system-out/>
  <testcase classname="com.sgtestion.condition.Users" name="deleteUser" time="0.009"/>
  <system-out/>
  <testcase classname="com.sgtestion.condition.Users" name="modifyUser">
    <skipped/>
  </testcase> <!-- modifyUser -->
  <system-out/>
</testsuite> <!-- com.sgtestion.condition.Users -->
