<?xml version="1.0" encoding="UTF-8"?>
<!-- Generated by org.testng.reporters.JUnitReportReporter -->
<testsuite hostname="DESKTOP-8L8L7VH" failures="0" tests="2" name="com.sgteting.softassertion.AassertEqualsDemo" time="0.025" errors="0" timestamp="2022-11-09T15:45:48 IST" skipped="0">
  <testcase classname="com.sgteting.softassertion.AassertEqualsDemo" name="assertNotEqualsDemo" time="0.002"/>
  <system-out/>
  <testcase classname="com.sgteting.softassertion.AassertEqualsDemo" name="assertEqualsDemo" time="0.023"/>
  <system-out/>
</testsuite> <!-- com.sgteting.softassertion.AassertEqualsDemo -->
