<?xml version="1.0" encoding="UTF-8"?>
<!-- Generated by org.testng.reporters.JUnitReportReporter -->
<testsuite hostname="DESKTOP-8L8L7VH" failures="0" tests="3" name="com.sgtesting.users.Users" time="0.017" errors="0" timestamp="2022-11-08T11:19:23 IST" skipped="0">
  <testcase classname="com.sgtesting.users.Users" name="deleteUser" time="0.005"/>
  <system-out/>
  <testcase classname="com.sgtesting.users.Users" name="modifyUser" time="0.004"/>
  <system-out/>
  <testcase classname="com.sgtesting.users.Users" name="createUser" time="0.008"/>
  <system-out/>
</testsuite> <!-- com.sgtesting.users.Users -->
