<?xml version="1.0" encoding="UTF-8"?>
<!-- Generated by org.testng.reporters.JUnitReportReporter -->
<testsuite hostname="DESKTOP-8L8L7VH" failures="0" tests="2" name="com.sgtetsing.annotationsummary.AnnotationSummary" time="0.024" errors="0" timestamp="2022-11-08T11:37:03 IST" skipped="0">
  <testcase classname="com.sgtetsing.annotationsummary.AnnotationSummary" name="method1" time="0.014"/>
  <system-out/>
  <testcase classname="com.sgtetsing.annotationsummary.AnnotationSummary" name="method2" time="0.010"/>
  <system-out/>
</testsuite> <!-- com.sgtetsing.annotationsummary.AnnotationSummary -->
